<?xml version="1.0" encoding="UTF-8"?>
<!-- Generated by org.testng.reporters.JUnitReportReporter -->
<testsuite skipped="0" hostname="ANANDA-ACHARYA" name="tests.Baseclass" tests="1" failures="0" timestamp="2020-10-19T09:12:51 IST" time="0.005" errors="0">
  <testcase name="Browseropen" time="0.005" classname="tests.Baseclass"/>
  <system-out/>
</testsuite> <!-- tests.Baseclass -->
