<?xml version="1.0" encoding="UTF-8"?>
<!-- Generated by org.testng.reporters.JUnitReportReporter -->
<testsuite skipped="0" hostname="ANANDA-ACHARYA" name="tests.Baceclass" tests="1" failures="0" timestamp="2020-10-14T18:00:52 IST" time="0.006" errors="0">
  <testcase name="Browseropen" time="0.006" classname="tests.Baceclass"/>
  <system-out/>
</testsuite> <!-- tests.Baceclass -->
